
> dex-matching-engine@1.0.0 dev
> ts-node-dev --respawn --transpile-only src/index.ts

[INFO] 14:11:47 ts-node-dev ver. 2.0.0 (using ts-node ver. 10.9.2, typescript ver. 5.9.2)
[32minfo[39m: Database tables initialized {"component":"DatabaseManager","timestamp":"2025-08-21T14:11:48.337Z"}
[32minfo[39m: Database connection established {"component":"DatabaseManager","timestamp":"2025-08-21T14:11:48.340Z"}
[32minfo[39m: Database connected successfully {"component":"MatchingEngine","timestamp":"2025-08-21T14:11:48.340Z"}
[32minfo[39m: Matching Engine Server started on localhost:3001 {"component":"MatchingEngine","timestamp":"2025-08-21T14:11:48.342Z"}
[32minfo[39m: WebSocket server ready for connections {"component":"MatchingEngine","timestamp":"2025-08-21T14:11:48.343Z"}
[32minfo[39m: GET / {"component":"MatchingEngine","ip":"::1","timestamp":"2025-08-21T14:11:52.490Z","userAgent":"Mozilla/5.0 (Windows NT 10.0; Win64; x64) AppleWebKit/537.36 (KHTML, like Gecko) Chrome/139.0.0.0 Safari/537.36 Edg/139.0.0.0"}
[32minfo[39m: GET /health {"component":"MatchingEngine","ip":"::1","timestamp":"2025-08-21T14:11:54.470Z","userAgent":"curl/8.5.0"}
[32minfo[39m: GET /api/v1/market-data {"component":"MatchingEngine","ip":"::1","timestamp":"2025-08-21T14:11:54.481Z","userAgent":"curl/8.5.0"}
[32minfo[39m: GET /api/v1/orderbook/ETH/USDC {"component":"MatchingEngine","ip":"::1","timestamp":"2025-08-21T14:11:54.493Z","userAgent":"curl/8.5.0"}
[32minfo[39m: GET /api/v1/orders {"component":"MatchingEngine","ip":"::1","timestamp":"2025-08-21T14:11:54.503Z","userAgent":"curl/8.5.0"}
[32minfo[39m: GET /api/v1/orderbook/ETH%2FUSDC {"component":"MatchingEngine","ip":"::1","timestamp":"2025-08-21T14:12:07.486Z","userAgent":"curl/8.5.0"}
[32minfo[39m: POST /api/v1/orders {"component":"MatchingEngine","ip":"::1","timestamp":"2025-08-21T14:13:16.083Z","userAgent":"curl/8.5.0"}
[32minfo[39m: POST /api/v1/orders {"component":"MatchingEngine","ip":"::1","timestamp":"2025-08-21T14:13:16.109Z","userAgent":"curl/8.5.0"}
[32minfo[39m: GET /api/v1/orderbook/ETH%2FUSDC {"component":"MatchingEngine","ip":"::1","timestamp":"2025-08-21T14:13:17.130Z","userAgent":"curl/8.5.0"}
[32minfo[39m: GET /api/v1/orders {"component":"MatchingEngine","ip":"::1","timestamp":"2025-08-21T14:13:17.141Z","userAgent":"curl/8.5.0"}
[INFO] 14:15:19 Reinitializing TS compilation
[INFO] 14:15:19 Restarting: /workspaces/DEX_CLOB_TEST/dex-clob-project/backend/matching-engine/tsconfig.json has been modified
[32minfo[39m: Received SIGTERM, starting graceful shutdown... {"component":"MatchingEngine","timestamp":"2025-08-21T14:15:19.205Z"}
[32minfo[39m: HTTP server closed {"component":"MatchingEngine","timestamp":"2025-08-21T14:15:19.206Z"}
[32minfo[39m: WebSocket server closed {"component":"WebSocketManager","timestamp":"2025-08-21T14:15:19.207Z"}
[32minfo[39m: WebSocket connections closed {"component":"MatchingEngine","timestamp":"2025-08-21T14:15:19.207Z"}
[32minfo[39m: Database connection closed {"component":"DatabaseManager","timestamp":"2025-08-21T14:15:19.208Z"}
[32minfo[39m: Database connection closed {"component":"MatchingEngine","timestamp":"2025-08-21T14:15:19.208Z"}
[32minfo[39m: Graceful shutdown completed {"component":"MatchingEngine","timestamp":"2025-08-21T14:15:19.208Z"}
[32minfo[39m: Database tables initialized {"component":"DatabaseManager","timestamp":"2025-08-21T14:15:20.771Z"}
[32minfo[39m: Database connection established {"component":"DatabaseManager","timestamp":"2025-08-21T14:15:20.779Z"}
[32minfo[39m: Database connected successfully {"component":"MatchingEngine","timestamp":"2025-08-21T14:15:20.780Z"}
[32minfo[39m: Matching Engine Server started on localhost:3001 {"component":"MatchingEngine","timestamp":"2025-08-21T14:15:20.791Z"}
[32minfo[39m: WebSocket server ready for connections {"component":"MatchingEngine","timestamp":"2025-08-21T14:15:20.791Z"}
[INFO] 14:15:30 Restarting: /workspaces/DEX_CLOB_TEST/dex-clob-project/backend/matching-engine/src/database.ts has been modified
[32minfo[39m: Received SIGTERM, starting graceful shutdown... {"component":"MatchingEngine","timestamp":"2025-08-21T14:15:30.882Z"}
[32minfo[39m: HTTP server closed {"component":"MatchingEngine","timestamp":"2025-08-21T14:15:30.887Z"}
[32minfo[39m: WebSocket server closed {"component":"WebSocketManager","timestamp":"2025-08-21T14:15:30.888Z"}
[32minfo[39m: WebSocket connections closed {"component":"MatchingEngine","timestamp":"2025-08-21T14:15:30.890Z"}
[32minfo[39m: Database connection closed {"component":"DatabaseManager","timestamp":"2025-08-21T14:15:30.894Z"}
[32minfo[39m: Database connection closed {"component":"MatchingEngine","timestamp":"2025-08-21T14:15:30.896Z"}
[32minfo[39m: Graceful shutdown completed {"component":"MatchingEngine","timestamp":"2025-08-21T14:15:30.896Z"}
[32minfo[39m: Database tables initialized {"component":"DatabaseManager","timestamp":"2025-08-21T14:15:31.670Z"}
[32minfo[39m: Database connection established {"component":"DatabaseManager","timestamp":"2025-08-21T14:15:31.672Z"}
[32minfo[39m: Database connected successfully {"component":"MatchingEngine","timestamp":"2025-08-21T14:15:31.672Z"}
[32minfo[39m: Matching Engine Server started on localhost:3001 {"component":"MatchingEngine","timestamp":"2025-08-21T14:15:31.675Z"}
[32minfo[39m: WebSocket server ready for connections {"component":"MatchingEngine","timestamp":"2025-08-21T14:15:31.675Z"}
[INFO] 14:15:44 Restarting: /workspaces/DEX_CLOB_TEST/dex-clob-project/backend/matching-engine/src/logger.ts has been modified
[32minfo[39m: Received SIGTERM, starting graceful shutdown... {"component":"MatchingEngine","timestamp":"2025-08-21T14:15:44.802Z"}
[32minfo[39m: HTTP server closed {"component":"MatchingEngine","timestamp":"2025-08-21T14:15:44.803Z"}
[32minfo[39m: WebSocket server closed {"component":"WebSocketManager","timestamp":"2025-08-21T14:15:44.804Z"}
[32minfo[39m: WebSocket connections closed {"component":"MatchingEngine","timestamp":"2025-08-21T14:15:44.805Z"}
[32minfo[39m: Database connection closed {"component":"DatabaseManager","timestamp":"2025-08-21T14:15:44.806Z"}
[32minfo[39m: Database connection closed {"component":"MatchingEngine","timestamp":"2025-08-21T14:15:44.806Z"}
[32minfo[39m: Graceful shutdown completed {"component":"MatchingEngine","timestamp":"2025-08-21T14:15:44.806Z"}
[32minfo[39m: Database tables initialized {"component":"DatabaseManager","timestamp":"2025-08-21T14:15:45.325Z"}
[32minfo[39m: Database connection established {"component":"DatabaseManager","timestamp":"2025-08-21T14:15:45.329Z"}
[32minfo[39m: Database connected successfully {"component":"MatchingEngine","timestamp":"2025-08-21T14:15:45.331Z"}
[32minfo[39m: Matching Engine Server started on localhost:3001 {"component":"MatchingEngine","timestamp":"2025-08-21T14:15:45.335Z"}
[32minfo[39m: WebSocket server ready for connections {"component":"MatchingEngine","timestamp":"2025-08-21T14:15:45.336Z"}
[INFO] 14:15:55 Restarting: /workspaces/DEX_CLOB_TEST/dex-clob-project/backend/matching-engine/src/routes.ts has been modified
[32minfo[39m: Received SIGTERM, starting graceful shutdown... {"component":"MatchingEngine","timestamp":"2025-08-21T14:15:55.350Z"}
[32minfo[39m: HTTP server closed {"component":"MatchingEngine","timestamp":"2025-08-21T14:15:55.351Z"}
[32minfo[39m: WebSocket server closed {"component":"WebSocketManager","timestamp":"2025-08-21T14:15:55.351Z"}
[32minfo[39m: WebSocket connections closed {"component":"MatchingEngine","timestamp":"2025-08-21T14:15:55.352Z"}
[32minfo[39m: Database connection closed {"component":"DatabaseManager","timestamp":"2025-08-21T14:15:55.353Z"}
[32minfo[39m: Database connection closed {"component":"MatchingEngine","timestamp":"2025-08-21T14:15:55.353Z"}
[32minfo[39m: Graceful shutdown completed {"component":"MatchingEngine","timestamp":"2025-08-21T14:15:55.353Z"}
[32minfo[39m: Database tables initialized {"component":"DatabaseManager","timestamp":"2025-08-21T14:15:55.957Z"}
[32minfo[39m: Database connection established {"component":"DatabaseManager","timestamp":"2025-08-21T14:15:55.959Z"}
[32minfo[39m: Database connected successfully {"component":"MatchingEngine","timestamp":"2025-08-21T14:15:55.959Z"}
[32minfo[39m: Matching Engine Server started on localhost:3001 {"component":"MatchingEngine","timestamp":"2025-08-21T14:15:55.962Z"}
[32minfo[39m: WebSocket server ready for connections {"component":"MatchingEngine","timestamp":"2025-08-21T14:15:55.962Z"}
[INFO] 14:16:04 Restarting: /workspaces/DEX_CLOB_TEST/dex-clob-project/backend/matching-engine/src/routes.ts has been modified
[32minfo[39m: Received SIGTERM, starting graceful shutdown... {"component":"MatchingEngine","timestamp":"2025-08-21T14:16:04.486Z"}
[32minfo[39m: HTTP server closed {"component":"MatchingEngine","timestamp":"2025-08-21T14:16:04.496Z"}
[32minfo[39m: WebSocket server closed {"component":"WebSocketManager","timestamp":"2025-08-21T14:16:04.496Z"}
[32minfo[39m: WebSocket connections closed {"component":"MatchingEngine","timestamp":"2025-08-21T14:16:04.508Z"}
[32minfo[39m: Database connection closed {"component":"DatabaseManager","timestamp":"2025-08-21T14:16:04.518Z"}
[32minfo[39m: Database connection closed {"component":"MatchingEngine","timestamp":"2025-08-21T14:16:04.519Z"}
[32minfo[39m: Graceful shutdown completed {"component":"MatchingEngine","timestamp":"2025-08-21T14:16:04.519Z"}
[32minfo[39m: Database tables initialized {"component":"DatabaseManager","timestamp":"2025-08-21T14:16:05.420Z"}
[32minfo[39m: Database connection established {"component":"DatabaseManager","timestamp":"2025-08-21T14:16:05.423Z"}
[32minfo[39m: Database connected successfully {"component":"MatchingEngine","timestamp":"2025-08-21T14:16:05.423Z"}
[32minfo[39m: Matching Engine Server started on localhost:3001 {"component":"MatchingEngine","timestamp":"2025-08-21T14:16:05.425Z"}
[32minfo[39m: WebSocket server ready for connections {"component":"MatchingEngine","timestamp":"2025-08-21T14:16:05.426Z"}
[INFO] 14:16:16 Restarting: /workspaces/DEX_CLOB_TEST/dex-clob-project/backend/matching-engine/src/routes.ts has been modified
[32minfo[39m: Received SIGTERM, starting graceful shutdown... {"component":"MatchingEngine","timestamp":"2025-08-21T14:16:16.138Z"}
[32minfo[39m: HTTP server closed {"component":"MatchingEngine","timestamp":"2025-08-21T14:16:16.140Z"}
[32minfo[39m: WebSocket server closed {"component":"WebSocketManager","timestamp":"2025-08-21T14:16:16.141Z"}
[32minfo[39m: WebSocket connections closed {"component":"MatchingEngine","timestamp":"2025-08-21T14:16:16.141Z"}
[32minfo[39m: Database connection closed {"component":"DatabaseManager","timestamp":"2025-08-21T14:16:16.143Z"}
[32minfo[39m: Database connection closed {"component":"MatchingEngine","timestamp":"2025-08-21T14:16:16.146Z"}
[32minfo[39m: Graceful shutdown completed {"component":"MatchingEngine","timestamp":"2025-08-21T14:16:16.146Z"}
[32minfo[39m: Database tables initialized {"component":"DatabaseManager","timestamp":"2025-08-21T14:16:16.588Z"}
[32minfo[39m: Database connection established {"component":"DatabaseManager","timestamp":"2025-08-21T14:16:16.590Z"}
[32minfo[39m: Database connected successfully {"component":"MatchingEngine","timestamp":"2025-08-21T14:16:16.591Z"}
[32minfo[39m: Matching Engine Server started on localhost:3001 {"component":"MatchingEngine","timestamp":"2025-08-21T14:16:16.593Z"}
[32minfo[39m: WebSocket server ready for connections {"component":"MatchingEngine","timestamp":"2025-08-21T14:16:16.593Z"}
[INFO] 14:16:25 Restarting: /workspaces/DEX_CLOB_TEST/dex-clob-project/backend/matching-engine/src/routes.ts has been modified
[32minfo[39m: Received SIGTERM, starting graceful shutdown... {"component":"MatchingEngine","timestamp":"2025-08-21T14:16:25.157Z"}
[32minfo[39m: HTTP server closed {"component":"MatchingEngine","timestamp":"2025-08-21T14:16:25.158Z"}
[32minfo[39m: WebSocket server closed {"component":"WebSocketManager","timestamp":"2025-08-21T14:16:25.159Z"}
[32minfo[39m: WebSocket connections closed {"component":"MatchingEngine","timestamp":"2025-08-21T14:16:25.159Z"}
[32minfo[39m: Database connection closed {"component":"DatabaseManager","timestamp":"2025-08-21T14:16:25.160Z"}
[32minfo[39m: Database connection closed {"component":"MatchingEngine","timestamp":"2025-08-21T14:16:25.160Z"}
[32minfo[39m: Graceful shutdown completed {"component":"MatchingEngine","timestamp":"2025-08-21T14:16:25.161Z"}
[32minfo[39m: Database tables initialized {"component":"DatabaseManager","timestamp":"2025-08-21T14:16:25.755Z"}
[32minfo[39m: Database connection established {"component":"DatabaseManager","timestamp":"2025-08-21T14:16:25.758Z"}
[32minfo[39m: Database connected successfully {"component":"MatchingEngine","timestamp":"2025-08-21T14:16:25.758Z"}
[32minfo[39m: Matching Engine Server started on localhost:3001 {"component":"MatchingEngine","timestamp":"2025-08-21T14:16:25.760Z"}
[32minfo[39m: WebSocket server ready for connections {"component":"MatchingEngine","timestamp":"2025-08-21T14:16:25.761Z"}
[INFO] 14:17:07 Restarting: /workspaces/DEX_CLOB_TEST/dex-clob-project/backend/matching-engine/src/routes.ts has been modified
[32minfo[39m: Received SIGTERM, starting graceful shutdown... {"component":"MatchingEngine","timestamp":"2025-08-21T14:17:07.535Z"}
[32minfo[39m: HTTP server closed {"component":"MatchingEngine","timestamp":"2025-08-21T14:17:07.536Z"}
[32minfo[39m: WebSocket server closed {"component":"WebSocketManager","timestamp":"2025-08-21T14:17:07.537Z"}
[32minfo[39m: WebSocket connections closed {"component":"MatchingEngine","timestamp":"2025-08-21T14:17:07.538Z"}
[32minfo[39m: Database connection closed {"component":"DatabaseManager","timestamp":"2025-08-21T14:17:07.539Z"}
[32minfo[39m: Database connection closed {"component":"MatchingEngine","timestamp":"2025-08-21T14:17:07.539Z"}
[32minfo[39m: Graceful shutdown completed {"component":"MatchingEngine","timestamp":"2025-08-21T14:17:07.539Z"}
[32minfo[39m: Database tables initialized {"component":"DatabaseManager","timestamp":"2025-08-21T14:17:08.122Z"}
[32minfo[39m: Database connection established {"component":"DatabaseManager","timestamp":"2025-08-21T14:17:08.125Z"}
[32minfo[39m: Database connected successfully {"component":"MatchingEngine","timestamp":"2025-08-21T14:17:08.125Z"}
[32minfo[39m: Matching Engine Server started on localhost:3001 {"component":"MatchingEngine","timestamp":"2025-08-21T14:17:08.128Z"}
[32minfo[39m: WebSocket server ready for connections {"component":"MatchingEngine","timestamp":"2025-08-21T14:17:08.128Z"}
[INFO] 14:17:54 Restarting: /workspaces/DEX_CLOB_TEST/dex-clob-project/backend/matching-engine/src/routes.ts has been modified
[32minfo[39m: Received SIGTERM, starting graceful shutdown... {"component":"MatchingEngine","timestamp":"2025-08-21T14:17:54.926Z"}
[32minfo[39m: HTTP server closed {"component":"MatchingEngine","timestamp":"2025-08-21T14:17:54.931Z"}
[32minfo[39m: WebSocket server closed {"component":"WebSocketManager","timestamp":"2025-08-21T14:17:54.935Z"}
[32minfo[39m: WebSocket connections closed {"component":"MatchingEngine","timestamp":"2025-08-21T14:17:54.937Z"}
[32minfo[39m: Database connection closed {"component":"DatabaseManager","timestamp":"2025-08-21T14:17:54.938Z"}
[32minfo[39m: Database connection closed {"component":"MatchingEngine","timestamp":"2025-08-21T14:17:54.940Z"}
[32minfo[39m: Graceful shutdown completed {"component":"MatchingEngine","timestamp":"2025-08-21T14:17:54.941Z"}
[32minfo[39m: Database tables initialized {"component":"DatabaseManager","timestamp":"2025-08-21T14:17:55.533Z"}
[32minfo[39m: Database connection established {"component":"DatabaseManager","timestamp":"2025-08-21T14:17:55.535Z"}
[32minfo[39m: Database connected successfully {"component":"MatchingEngine","timestamp":"2025-08-21T14:17:55.536Z"}
[32minfo[39m: Matching Engine Server started on localhost:3001 {"component":"MatchingEngine","timestamp":"2025-08-21T14:17:55.538Z"}
[32minfo[39m: WebSocket server ready for connections {"component":"MatchingEngine","timestamp":"2025-08-21T14:17:55.538Z"}
[INFO] 14:18:02 Restarting: /workspaces/DEX_CLOB_TEST/dex-clob-project/backend/matching-engine/src/routes.ts has been modified
[32minfo[39m: Received SIGTERM, starting graceful shutdown... {"component":"MatchingEngine","timestamp":"2025-08-21T14:18:02.278Z"}
[32minfo[39m: HTTP server closed {"component":"MatchingEngine","timestamp":"2025-08-21T14:18:02.289Z"}
[32minfo[39m: WebSocket server closed {"component":"WebSocketManager","timestamp":"2025-08-21T14:18:02.289Z"}
[32minfo[39m: WebSocket connections closed {"component":"MatchingEngine","timestamp":"2025-08-21T14:18:02.296Z"}
[32minfo[39m: Database connection closed {"component":"DatabaseManager","timestamp":"2025-08-21T14:18:02.297Z"}
[32minfo[39m: Database connection closed {"component":"MatchingEngine","timestamp":"2025-08-21T14:18:02.298Z"}
[32minfo[39m: Graceful shutdown completed {"component":"MatchingEngine","timestamp":"2025-08-21T14:18:02.298Z"}
[32minfo[39m: Database tables initialized {"component":"DatabaseManager","timestamp":"2025-08-21T14:18:03.362Z"}
[32minfo[39m: Database connection established {"component":"DatabaseManager","timestamp":"2025-08-21T14:18:03.366Z"}
[32minfo[39m: Database connected successfully {"component":"MatchingEngine","timestamp":"2025-08-21T14:18:03.366Z"}
[32minfo[39m: Matching Engine Server started on localhost:3001 {"component":"MatchingEngine","timestamp":"2025-08-21T14:18:03.370Z"}
[32minfo[39m: WebSocket server ready for connections {"component":"MatchingEngine","timestamp":"2025-08-21T14:18:03.371Z"}
[INFO] 14:18:16 Restarting: /workspaces/DEX_CLOB_TEST/dex-clob-project/backend/matching-engine/src/routes.ts has been modified
[32minfo[39m: Received SIGTERM, starting graceful shutdown... {"component":"MatchingEngine","timestamp":"2025-08-21T14:18:16.277Z"}
[32minfo[39m: HTTP server closed {"component":"MatchingEngine","timestamp":"2025-08-21T14:18:16.278Z"}
[32minfo[39m: WebSocket server closed {"component":"WebSocketManager","timestamp":"2025-08-21T14:18:16.281Z"}
[32minfo[39m: WebSocket connections closed {"component":"MatchingEngine","timestamp":"2025-08-21T14:18:16.283Z"}
[32minfo[39m: Database connection closed {"component":"DatabaseManager","timestamp":"2025-08-21T14:18:16.287Z"}
[32minfo[39m: Database connection closed {"component":"MatchingEngine","timestamp":"2025-08-21T14:18:16.287Z"}
[32minfo[39m: Graceful shutdown completed {"component":"MatchingEngine","timestamp":"2025-08-21T14:18:16.289Z"}
[32minfo[39m: Database tables initialized {"component":"DatabaseManager","timestamp":"2025-08-21T14:18:16.811Z"}
[32minfo[39m: Database connection established {"component":"DatabaseManager","timestamp":"2025-08-21T14:18:16.815Z"}
[32minfo[39m: Database connected successfully {"component":"MatchingEngine","timestamp":"2025-08-21T14:18:16.815Z"}
[32minfo[39m: Matching Engine Server started on localhost:3001 {"component":"MatchingEngine","timestamp":"2025-08-21T14:18:16.817Z"}
[32minfo[39m: WebSocket server ready for connections {"component":"MatchingEngine","timestamp":"2025-08-21T14:18:16.818Z"}
[INFO] 14:18:23 Restarting: /workspaces/DEX_CLOB_TEST/dex-clob-project/backend/matching-engine/src/routes.ts has been modified
Compilation error in /workspaces/DEX_CLOB_TEST/dex-clob-project/backend/matching-engine/src/routes.ts
[32minfo[39m: Received SIGTERM, starting graceful shutdown... {"component":"MatchingEngine","timestamp":"2025-08-21T14:18:23.869Z"}
[32minfo[39m: HTTP server closed {"component":"MatchingEngine","timestamp":"2025-08-21T14:18:23.870Z"}
[32minfo[39m: WebSocket server closed {"component":"WebSocketManager","timestamp":"2025-08-21T14:18:23.876Z"}
[32minfo[39m: WebSocket connections closed {"component":"MatchingEngine","timestamp":"2025-08-21T14:18:23.876Z"}
[32minfo[39m: Database connection closed {"component":"DatabaseManager","timestamp":"2025-08-21T14:18:23.885Z"}
[32minfo[39m: Database connection closed {"component":"MatchingEngine","timestamp":"2025-08-21T14:18:23.885Z"}
[32minfo[39m: Graceful shutdown completed {"component":"MatchingEngine","timestamp":"2025-08-21T14:18:23.885Z"}
[ERROR] 14:18:24 тип Unable to compile TypeScript:
src/routes.ts(7,18): error TS1005: ',' expected.
src/routes.ts(7,26): error TS1005: ',' expected.
src/routes.ts(7,32): error TS1005: ',' expected.
src/routes.ts(7,44): error TS1005: ',' expected.
src/routes.ts(7,89): error TS1005: '=>' expected.
src/routes.ts(7,114): error TS1005: ';' expected.

[INFO] 14:18:37 Restarting: /workspaces/DEX_CLOB_TEST/dex-clob-project/backend/matching-engine/src/routes.ts has been modified
[32minfo[39m: Database tables initialized {"component":"DatabaseManager","timestamp":"2025-08-21T14:18:37.953Z"}
[32minfo[39m: Database connection established {"component":"DatabaseManager","timestamp":"2025-08-21T14:18:37.955Z"}
[32minfo[39m: Database connected successfully {"component":"MatchingEngine","timestamp":"2025-08-21T14:18:37.955Z"}
[32minfo[39m: Matching Engine Server started on localhost:3001 {"component":"MatchingEngine","timestamp":"2025-08-21T14:18:37.958Z"}
[32minfo[39m: WebSocket server ready for connections {"component":"MatchingEngine","timestamp":"2025-08-21T14:18:37.958Z"}
[INFO] 14:18:51 Restarting: /workspaces/DEX_CLOB_TEST/dex-clob-project/backend/matching-engine/src/routes.ts has been modified
[32minfo[39m: Received SIGTERM, starting graceful shutdown... {"component":"MatchingEngine","timestamp":"2025-08-21T14:18:51.910Z"}
[32minfo[39m: HTTP server closed {"component":"MatchingEngine","timestamp":"2025-08-21T14:18:51.916Z"}
[32minfo[39m: WebSocket server closed {"component":"WebSocketManager","timestamp":"2025-08-21T14:18:51.917Z"}
[32minfo[39m: WebSocket connections closed {"component":"MatchingEngine","timestamp":"2025-08-21T14:18:51.918Z"}
[32minfo[39m: Database connection closed {"component":"DatabaseManager","timestamp":"2025-08-21T14:18:51.919Z"}
[32minfo[39m: Database connection closed {"component":"MatchingEngine","timestamp":"2025-08-21T14:18:51.920Z"}
[32minfo[39m: Graceful shutdown completed {"component":"MatchingEngine","timestamp":"2025-08-21T14:18:51.927Z"}
[32minfo[39m: Database tables initialized {"component":"DatabaseManager","timestamp":"2025-08-21T14:18:52.518Z"}
[32minfo[39m: Database connection established {"component":"DatabaseManager","timestamp":"2025-08-21T14:18:52.520Z"}
[32minfo[39m: Database connected successfully {"component":"MatchingEngine","timestamp":"2025-08-21T14:18:52.521Z"}
[32minfo[39m: Matching Engine Server started on localhost:3001 {"component":"MatchingEngine","timestamp":"2025-08-21T14:18:52.523Z"}
[32minfo[39m: WebSocket server ready for connections {"component":"MatchingEngine","timestamp":"2025-08-21T14:18:52.523Z"}
[INFO] 14:19:00 Restarting: /workspaces/DEX_CLOB_TEST/dex-clob-project/backend/matching-engine/src/routes.ts has been modified
[32minfo[39m: Received SIGTERM, starting graceful shutdown... {"component":"MatchingEngine","timestamp":"2025-08-21T14:19:00.244Z"}
[32minfo[39m: HTTP server closed {"component":"MatchingEngine","timestamp":"2025-08-21T14:19:00.245Z"}
[32minfo[39m: WebSocket server closed {"component":"WebSocketManager","timestamp":"2025-08-21T14:19:00.252Z"}
[32minfo[39m: WebSocket connections closed {"component":"MatchingEngine","timestamp":"2025-08-21T14:19:00.252Z"}
[32minfo[39m: Database connection closed {"component":"DatabaseManager","timestamp":"2025-08-21T14:19:00.258Z"}
[32minfo[39m: Database connection closed {"component":"MatchingEngine","timestamp":"2025-08-21T14:19:00.259Z"}
[32minfo[39m: Graceful shutdown completed {"component":"MatchingEngine","timestamp":"2025-08-21T14:19:00.261Z"}
[32minfo[39m: Database tables initialized {"component":"DatabaseManager","timestamp":"2025-08-21T14:19:01.205Z"}
[32minfo[39m: Database connection established {"component":"DatabaseManager","timestamp":"2025-08-21T14:19:01.207Z"}
[32minfo[39m: Database connected successfully {"component":"MatchingEngine","timestamp":"2025-08-21T14:19:01.208Z"}
[32minfo[39m: Matching Engine Server started on localhost:3001 {"component":"MatchingEngine","timestamp":"2025-08-21T14:19:01.211Z"}
[32minfo[39m: WebSocket server ready for connections {"component":"MatchingEngine","timestamp":"2025-08-21T14:19:01.211Z"}
[INFO] 14:19:07 Restarting: /workspaces/DEX_CLOB_TEST/dex-clob-project/backend/matching-engine/src/routes.ts has been modified
[32minfo[39m: Received SIGTERM, starting graceful shutdown... {"component":"MatchingEngine","timestamp":"2025-08-21T14:19:07.513Z"}
[32minfo[39m: HTTP server closed {"component":"MatchingEngine","timestamp":"2025-08-21T14:19:07.515Z"}
[32minfo[39m: WebSocket server closed {"component":"WebSocketManager","timestamp":"2025-08-21T14:19:07.518Z"}
[32minfo[39m: WebSocket connections closed {"component":"MatchingEngine","timestamp":"2025-08-21T14:19:07.519Z"}
[32minfo[39m: Database connection closed {"component":"DatabaseManager","timestamp":"2025-08-21T14:19:07.521Z"}
[32minfo[39m: Database connection closed {"component":"MatchingEngine","timestamp":"2025-08-21T14:19:07.521Z"}
[32minfo[39m: Graceful shutdown completed {"component":"MatchingEngine","timestamp":"2025-08-21T14:19:07.521Z"}
[32minfo[39m: Database tables initialized {"component":"DatabaseManager","timestamp":"2025-08-21T14:19:08.052Z"}
[32minfo[39m: Database connection established {"component":"DatabaseManager","timestamp":"2025-08-21T14:19:08.056Z"}
[32minfo[39m: Database connected successfully {"component":"MatchingEngine","timestamp":"2025-08-21T14:19:08.056Z"}
[32minfo[39m: Matching Engine Server started on localhost:3001 {"component":"MatchingEngine","timestamp":"2025-08-21T14:19:08.060Z"}
[32minfo[39m: WebSocket server ready for connections {"component":"MatchingEngine","timestamp":"2025-08-21T14:19:08.060Z"}
[INFO] 14:19:14 Restarting: /workspaces/DEX_CLOB_TEST/dex-clob-project/backend/matching-engine/src/routes.ts has been modified
[32minfo[39m: Received SIGTERM, starting graceful shutdown... {"component":"MatchingEngine","timestamp":"2025-08-21T14:19:14.423Z"}
[32minfo[39m: HTTP server closed {"component":"MatchingEngine","timestamp":"2025-08-21T14:19:14.428Z"}
[32minfo[39m: WebSocket server closed {"component":"WebSocketManager","timestamp":"2025-08-21T14:19:14.429Z"}
[32minfo[39m: WebSocket connections closed {"component":"MatchingEngine","timestamp":"2025-08-21T14:19:14.430Z"}
[32minfo[39m: Database connection closed {"component":"DatabaseManager","timestamp":"2025-08-21T14:19:14.433Z"}
[32minfo[39m: Database connection closed {"component":"MatchingEngine","timestamp":"2025-08-21T14:19:14.436Z"}
[32minfo[39m: Graceful shutdown completed {"component":"MatchingEngine","timestamp":"2025-08-21T14:19:14.438Z"}
[32minfo[39m: Database tables initialized {"component":"DatabaseManager","timestamp":"2025-08-21T14:19:14.980Z"}
[32minfo[39m: Database connection established {"component":"DatabaseManager","timestamp":"2025-08-21T14:19:14.983Z"}
[32minfo[39m: Database connected successfully {"component":"MatchingEngine","timestamp":"2025-08-21T14:19:14.984Z"}
[32minfo[39m: Matching Engine Server started on localhost:3001 {"component":"MatchingEngine","timestamp":"2025-08-21T14:19:14.987Z"}
[32minfo[39m: WebSocket server ready for connections {"component":"MatchingEngine","timestamp":"2025-08-21T14:19:14.987Z"}
[INFO] 14:19:23 Restarting: /workspaces/DEX_CLOB_TEST/dex-clob-project/backend/matching-engine/src/routes.ts has been modified
[32minfo[39m: Received SIGTERM, starting graceful shutdown... {"component":"MatchingEngine","timestamp":"2025-08-21T14:19:23.267Z"}
[32minfo[39m: HTTP server closed {"component":"MatchingEngine","timestamp":"2025-08-21T14:19:23.268Z"}
[32minfo[39m: WebSocket server closed {"component":"WebSocketManager","timestamp":"2025-08-21T14:19:23.271Z"}
[32minfo[39m: WebSocket connections closed {"component":"MatchingEngine","timestamp":"2025-08-21T14:19:23.272Z"}
[32minfo[39m: Database connection closed {"component":"DatabaseManager","timestamp":"2025-08-21T14:19:23.274Z"}
[32minfo[39m: Database connection closed {"component":"MatchingEngine","timestamp":"2025-08-21T14:19:23.274Z"}
[32minfo[39m: Graceful shutdown completed {"component":"MatchingEngine","timestamp":"2025-08-21T14:19:23.275Z"}
[32minfo[39m: Database tables initialized {"component":"DatabaseManager","timestamp":"2025-08-21T14:19:23.765Z"}
[32minfo[39m: Database connection established {"component":"DatabaseManager","timestamp":"2025-08-21T14:19:23.767Z"}
[32minfo[39m: Database connected successfully {"component":"MatchingEngine","timestamp":"2025-08-21T14:19:23.768Z"}
[32minfo[39m: Matching Engine Server started on localhost:3001 {"component":"MatchingEngine","timestamp":"2025-08-21T14:19:23.770Z"}
[32minfo[39m: WebSocket server ready for connections {"component":"MatchingEngine","timestamp":"2025-08-21T14:19:23.771Z"}
[INFO] 14:20:00 Restarting: /workspaces/DEX_CLOB_TEST/dex-clob-project/backend/matching-engine/src/routes.ts has been modified
[32minfo[39m: Received SIGTERM, starting graceful shutdown... {"component":"MatchingEngine","timestamp":"2025-08-21T14:20:00.434Z"}
[32minfo[39m: HTTP server closed {"component":"MatchingEngine","timestamp":"2025-08-21T14:20:00.438Z"}
[32minfo[39m: WebSocket server closed {"component":"WebSocketManager","timestamp":"2025-08-21T14:20:00.439Z"}
[32minfo[39m: WebSocket connections closed {"component":"MatchingEngine","timestamp":"2025-08-21T14:20:00.443Z"}
[32minfo[39m: Database connection closed {"component":"DatabaseManager","timestamp":"2025-08-21T14:20:00.444Z"}
[32minfo[39m: Database connection closed {"component":"MatchingEngine","timestamp":"2025-08-21T14:20:00.444Z"}
[32minfo[39m: Graceful shutdown completed {"component":"MatchingEngine","timestamp":"2025-08-21T14:20:00.444Z"}
[32minfo[39m: Database tables initialized {"component":"DatabaseManager","timestamp":"2025-08-21T14:20:01.136Z"}
[32minfo[39m: Database connection established {"component":"DatabaseManager","timestamp":"2025-08-21T14:20:01.139Z"}
[32minfo[39m: Database connected successfully {"component":"MatchingEngine","timestamp":"2025-08-21T14:20:01.140Z"}
[32minfo[39m: Matching Engine Server started on localhost:3001 {"component":"MatchingEngine","timestamp":"2025-08-21T14:20:01.142Z"}
[32minfo[39m: WebSocket server ready for connections {"component":"MatchingEngine","timestamp":"2025-08-21T14:20:01.143Z"}
[INFO] 14:20:09 Restarting: /workspaces/DEX_CLOB_TEST/dex-clob-project/backend/matching-engine/src/routes.ts has been modified
[32minfo[39m: Received SIGTERM, starting graceful shutdown... {"component":"MatchingEngine","timestamp":"2025-08-21T14:20:09.154Z"}
[32minfo[39m: HTTP server closed {"component":"MatchingEngine","timestamp":"2025-08-21T14:20:09.155Z"}
[32minfo[39m: WebSocket server closed {"component":"WebSocketManager","timestamp":"2025-08-21T14:20:09.156Z"}
[32minfo[39m: WebSocket connections closed {"component":"MatchingEngine","timestamp":"2025-08-21T14:20:09.156Z"}
[32minfo[39m: Database connection closed {"component":"DatabaseManager","timestamp":"2025-08-21T14:20:09.157Z"}
[32minfo[39m: Database connection closed {"component":"MatchingEngine","timestamp":"2025-08-21T14:20:09.157Z"}
[32minfo[39m: Graceful shutdown completed {"component":"MatchingEngine","timestamp":"2025-08-21T14:20:09.158Z"}
[32minfo[39m: Database tables initialized {"component":"DatabaseManager","timestamp":"2025-08-21T14:20:09.663Z"}
[32minfo[39m: Database connection established {"component":"DatabaseManager","timestamp":"2025-08-21T14:20:09.666Z"}
[32minfo[39m: Database connected successfully {"component":"MatchingEngine","timestamp":"2025-08-21T14:20:09.667Z"}
[32minfo[39m: Matching Engine Server started on localhost:3001 {"component":"MatchingEngine","timestamp":"2025-08-21T14:20:09.671Z"}
[32minfo[39m: WebSocket server ready for connections {"component":"MatchingEngine","timestamp":"2025-08-21T14:20:09.672Z"}
[INFO] 14:20:22 Restarting: /workspaces/DEX_CLOB_TEST/dex-clob-project/backend/matching-engine/src/routes.ts has been modified
[32minfo[39m: Received SIGTERM, starting graceful shutdown... {"component":"MatchingEngine","timestamp":"2025-08-21T14:20:22.919Z"}
[32minfo[39m: HTTP server closed {"component":"MatchingEngine","timestamp":"2025-08-21T14:20:22.923Z"}
[32minfo[39m: WebSocket server closed {"component":"WebSocketManager","timestamp":"2025-08-21T14:20:22.923Z"}
[32minfo[39m: WebSocket connections closed {"component":"MatchingEngine","timestamp":"2025-08-21T14:20:22.926Z"}
[32minfo[39m: Database connection closed {"component":"DatabaseManager","timestamp":"2025-08-21T14:20:22.928Z"}
[32minfo[39m: Database connection closed {"component":"MatchingEngine","timestamp":"2025-08-21T14:20:22.931Z"}
[32minfo[39m: Graceful shutdown completed {"component":"MatchingEngine","timestamp":"2025-08-21T14:20:22.934Z"}
[32minfo[39m: Database tables initialized {"component":"DatabaseManager","timestamp":"2025-08-21T14:20:23.612Z"}
[32minfo[39m: Database connection established {"component":"DatabaseManager","timestamp":"2025-08-21T14:20:23.615Z"}
[32minfo[39m: Database connected successfully {"component":"MatchingEngine","timestamp":"2025-08-21T14:20:23.615Z"}
[32minfo[39m: Matching Engine Server started on localhost:3001 {"component":"MatchingEngine","timestamp":"2025-08-21T14:20:23.618Z"}
[32minfo[39m: WebSocket server ready for connections {"component":"MatchingEngine","timestamp":"2025-08-21T14:20:23.618Z"}
[32minfo[39m: Received SIGTERM, starting graceful shutdown... {"component":"MatchingEngine","timestamp":"2025-08-21T14:28:38.049Z"}
[32minfo[39m: HTTP server closed {"component":"MatchingEngine","timestamp":"2025-08-21T14:28:38.055Z"}
[32minfo[39m: WebSocket server closed {"component":"WebSocketManager","timestamp":"2025-08-21T14:28:38.056Z"}
[32minfo[39m: WebSocket connections closed {"component":"MatchingEngine","timestamp":"2025-08-21T14:28:38.057Z"}
[32minfo[39m: Database connection closed {"component":"DatabaseManager","timestamp":"2025-08-21T14:28:38.058Z"}
[32minfo[39m: Database connection closed {"component":"MatchingEngine","timestamp":"2025-08-21T14:28:38.058Z"}
[32minfo[39m: Graceful shutdown completed {"component":"MatchingEngine","timestamp":"2025-08-21T14:28:38.058Z"}
[INFO] 14:47:15 Restarting: /workspaces/DEX_CLOB_TEST/dex-clob-project/backend/matching-engine/src/index.ts has been modified
[32minfo[39m: Database tables initialized {"component":"DatabaseManager","timestamp":"2025-08-21T14:47:17.089Z"}
[32minfo[39m: Database connection established {"component":"DatabaseManager","timestamp":"2025-08-21T14:47:17.092Z"}
[32minfo[39m: Database connected successfully {"component":"MatchingEngine","timestamp":"2025-08-21T14:47:17.093Z"}
[ERROR] 14:47:17 Error: listen EADDRINUSE: address already in use ::1:3001
[31merror[39m: Uncaught Exception: {"component":"MatchingEngine","error":{"address":"::1","code":"EADDRINUSE","errno":-98,"port":3001,"syscall":"listen"},"timestamp":"2025-08-21T14:47:17.098Z"}
[32minfo[39m: Received uncaughtException, starting graceful shutdown... {"component":"MatchingEngine","timestamp":"2025-08-21T14:47:17.099Z"}
[32minfo[39m: HTTP server closed {"component":"MatchingEngine","timestamp":"2025-08-21T14:47:17.100Z"}
[32minfo[39m: WebSocket server closed {"component":"WebSocketManager","timestamp":"2025-08-21T14:47:17.101Z"}
[32minfo[39m: WebSocket connections closed {"component":"MatchingEngine","timestamp":"2025-08-21T14:47:17.101Z"}
[32minfo[39m: Database connection closed {"component":"DatabaseManager","timestamp":"2025-08-21T14:47:17.104Z"}
[32minfo[39m: Database connection closed {"component":"MatchingEngine","timestamp":"2025-08-21T14:47:17.105Z"}
[32minfo[39m: Graceful shutdown completed {"component":"MatchingEngine","timestamp":"2025-08-21T14:47:17.105Z"}
[INFO] 14:49:47 Restarting: /workspaces/DEX_CLOB_TEST/dex-clob-project/backend/matching-engine/src/index.ts has been modified
[32minfo[39m: Database tables initialized {"component":"DatabaseManager","timestamp":"2025-08-21T14:49:48.657Z"}
[32minfo[39m: Database connection established {"component":"DatabaseManager","timestamp":"2025-08-21T14:49:48.660Z"}
[32minfo[39m: Database connected successfully {"component":"MatchingEngine","timestamp":"2025-08-21T14:49:48.660Z"}
[ERROR] 14:49:48 Error: listen EADDRINUSE: address already in use 0.0.0.0:3001
[31merror[39m: Uncaught Exception: {"component":"MatchingEngine","error":{"address":"0.0.0.0","code":"EADDRINUSE","errno":-98,"port":3001,"syscall":"listen"},"timestamp":"2025-08-21T14:49:48.665Z"}
[32minfo[39m: Received uncaughtException, starting graceful shutdown... {"component":"MatchingEngine","timestamp":"2025-08-21T14:49:48.666Z"}
[32minfo[39m: HTTP server closed {"component":"MatchingEngine","timestamp":"2025-08-21T14:49:48.667Z"}
[32minfo[39m: WebSocket server closed {"component":"WebSocketManager","timestamp":"2025-08-21T14:49:48.668Z"}
[32minfo[39m: WebSocket connections closed {"component":"MatchingEngine","timestamp":"2025-08-21T14:49:48.668Z"}
[32minfo[39m: Database connection closed {"component":"DatabaseManager","timestamp":"2025-08-21T14:49:48.669Z"}
[32minfo[39m: Database connection closed {"component":"MatchingEngine","timestamp":"2025-08-21T14:49:48.670Z"}
[32minfo[39m: Graceful shutdown completed {"component":"MatchingEngine","timestamp":"2025-08-21T14:49:48.670Z"}
[INFO] 14:52:42 Restarting: /workspaces/DEX_CLOB_TEST/dex-clob-project/backend/matching-engine/src/index.ts has been modified
[32minfo[39m: Database tables initialized {"component":"DatabaseManager","timestamp":"2025-08-21T14:52:45.008Z"}
[32minfo[39m: Database connection established {"component":"DatabaseManager","timestamp":"2025-08-21T14:52:45.018Z"}
[32minfo[39m: Database connected successfully {"component":"MatchingEngine","timestamp":"2025-08-21T14:52:45.018Z"}
[ERROR] 14:52:45 Error: listen EADDRINUSE: address already in use 0.0.0.0:3001
[31merror[39m: Uncaught Exception: {"component":"MatchingEngine","error":{"address":"0.0.0.0","code":"EADDRINUSE","errno":-98,"port":3001,"syscall":"listen"},"timestamp":"2025-08-21T14:52:45.021Z"}
[32minfo[39m: Received uncaughtException, starting graceful shutdown... {"component":"MatchingEngine","timestamp":"2025-08-21T14:52:45.022Z"}
[32minfo[39m: HTTP server closed {"component":"MatchingEngine","timestamp":"2025-08-21T14:52:45.023Z"}
[32minfo[39m: WebSocket server closed {"component":"WebSocketManager","timestamp":"2025-08-21T14:52:45.024Z"}
[32minfo[39m: WebSocket connections closed {"component":"MatchingEngine","timestamp":"2025-08-21T14:52:45.024Z"}
[32minfo[39m: Database connection closed {"component":"DatabaseManager","timestamp":"2025-08-21T14:52:45.025Z"}
[32minfo[39m: Database connection closed {"component":"MatchingEngine","timestamp":"2025-08-21T14:52:45.026Z"}
[32minfo[39m: Graceful shutdown completed {"component":"MatchingEngine","timestamp":"2025-08-21T14:52:45.026Z"}
[INFO] 14:59:08 Restarting: /workspaces/DEX_CLOB_TEST/dex-clob-project/backend/matching-engine/src/index.ts has been modified
[32minfo[39m: Database tables initialized {"component":"DatabaseManager","timestamp":"2025-08-21T14:59:09.720Z"}
[32minfo[39m: Database connection established {"component":"DatabaseManager","timestamp":"2025-08-21T14:59:09.722Z"}
[32minfo[39m: Database connected successfully {"component":"MatchingEngine","timestamp":"2025-08-21T14:59:09.723Z"}
[ERROR] 14:59:09 Error: listen EADDRINUSE: address already in use 0.0.0.0:3001
[31merror[39m: Uncaught Exception: {"component":"MatchingEngine","error":{"address":"0.0.0.0","code":"EADDRINUSE","errno":-98,"port":3001,"syscall":"listen"},"timestamp":"2025-08-21T14:59:09.726Z"}
[32minfo[39m: Received uncaughtException, starting graceful shutdown... {"component":"MatchingEngine","timestamp":"2025-08-21T14:59:09.727Z"}
[32minfo[39m: HTTP server closed {"component":"MatchingEngine","timestamp":"2025-08-21T14:59:09.728Z"}
[32minfo[39m: WebSocket server closed {"component":"WebSocketManager","timestamp":"2025-08-21T14:59:09.729Z"}
[32minfo[39m: WebSocket connections closed {"component":"MatchingEngine","timestamp":"2025-08-21T14:59:09.729Z"}
[32minfo[39m: Database connection closed {"component":"DatabaseManager","timestamp":"2025-08-21T14:59:09.730Z"}
[32minfo[39m: Database connection closed {"component":"MatchingEngine","timestamp":"2025-08-21T14:59:09.731Z"}
[32minfo[39m: Graceful shutdown completed {"component":"MatchingEngine","timestamp":"2025-08-21T14:59:09.731Z"}
[INFO] 14:59:48 Restarting: /workspaces/DEX_CLOB_TEST/dex-clob-project/backend/matching-engine/src/index.ts has been modified
[32minfo[39m: Database tables initialized {"component":"DatabaseManager","timestamp":"2025-08-21T14:59:49.502Z"}
[32minfo[39m: Database connection established {"component":"DatabaseManager","timestamp":"2025-08-21T14:59:49.506Z"}
[32minfo[39m: Database connected successfully {"component":"MatchingEngine","timestamp":"2025-08-21T14:59:49.508Z"}
[ERROR] 14:59:49 Error: listen EADDRINUSE: address already in use 0.0.0.0:3001
[31merror[39m: Uncaught Exception: {"component":"MatchingEngine","error":{"address":"0.0.0.0","code":"EADDRINUSE","errno":-98,"port":3001,"syscall":"listen"},"timestamp":"2025-08-21T14:59:49.512Z"}
[32minfo[39m: Received uncaughtException, starting graceful shutdown... {"component":"MatchingEngine","timestamp":"2025-08-21T14:59:49.513Z"}
[32minfo[39m: HTTP server closed {"component":"MatchingEngine","timestamp":"2025-08-21T14:59:49.514Z"}
[32minfo[39m: WebSocket server closed {"component":"WebSocketManager","timestamp":"2025-08-21T14:59:49.515Z"}
[32minfo[39m: WebSocket connections closed {"component":"MatchingEngine","timestamp":"2025-08-21T14:59:49.515Z"}
[32minfo[39m: Database connection closed {"component":"DatabaseManager","timestamp":"2025-08-21T14:59:49.517Z"}
[32minfo[39m: Database connection closed {"component":"MatchingEngine","timestamp":"2025-08-21T14:59:49.519Z"}
[32minfo[39m: Graceful shutdown completed {"component":"MatchingEngine","timestamp":"2025-08-21T14:59:49.521Z"}
[INFO] 15:02:21 Restarting: /workspaces/DEX_CLOB_TEST/dex-clob-project/backend/matching-engine/src/index.ts has been modified
[32minfo[39m: Database tables initialized {"component":"DatabaseManager","timestamp":"2025-08-21T15:02:23.511Z"}
[32minfo[39m: Database connection established {"component":"DatabaseManager","timestamp":"2025-08-21T15:02:23.515Z"}
[32minfo[39m: Database connected successfully {"component":"MatchingEngine","timestamp":"2025-08-21T15:02:23.516Z"}
[ERROR] 15:02:23 Error: listen EADDRINUSE: address already in use 0.0.0.0:3001
[31merror[39m: Uncaught Exception: {"component":"MatchingEngine","error":{"address":"0.0.0.0","code":"EADDRINUSE","errno":-98,"port":3001,"syscall":"listen"},"timestamp":"2025-08-21T15:02:23.521Z"}
[32minfo[39m: Received uncaughtException, starting graceful shutdown... {"component":"MatchingEngine","timestamp":"2025-08-21T15:02:23.522Z"}
[32minfo[39m: HTTP server closed {"component":"MatchingEngine","timestamp":"2025-08-21T15:02:23.523Z"}
[32minfo[39m: WebSocket server closed {"component":"WebSocketManager","timestamp":"2025-08-21T15:02:23.524Z"}
[32minfo[39m: WebSocket connections closed {"component":"MatchingEngine","timestamp":"2025-08-21T15:02:23.524Z"}
[32minfo[39m: Database connection closed {"component":"DatabaseManager","timestamp":"2025-08-21T15:02:23.525Z"}
[32minfo[39m: Database connection closed {"component":"MatchingEngine","timestamp":"2025-08-21T15:02:23.526Z"}
[32minfo[39m: Graceful shutdown completed {"component":"MatchingEngine","timestamp":"2025-08-21T15:02:23.527Z"}
[INFO] 15:42:10 Restarting: /workspaces/DEX_CLOB_TEST/dex-clob-project/backend/matching-engine/src/index.ts has been modified
[32minfo[39m: Database tables initialized {"component":"DatabaseManager","timestamp":"2025-08-21T15:42:11.936Z"}
[32minfo[39m: Database connection established {"component":"DatabaseManager","timestamp":"2025-08-21T15:42:11.938Z"}
[32minfo[39m: Database connected successfully {"component":"MatchingEngine","timestamp":"2025-08-21T15:42:11.939Z"}
[ERROR] 15:42:11 Error: listen EADDRINUSE: address already in use 0.0.0.0:3001
[31merror[39m: Uncaught Exception: {"component":"MatchingEngine","error":{"address":"0.0.0.0","code":"EADDRINUSE","errno":-98,"port":3001,"syscall":"listen"},"timestamp":"2025-08-21T15:42:11.942Z"}
[32minfo[39m: Received uncaughtException, starting graceful shutdown... {"component":"MatchingEngine","timestamp":"2025-08-21T15:42:11.943Z"}
[32minfo[39m: HTTP server closed {"component":"MatchingEngine","timestamp":"2025-08-21T15:42:11.944Z"}
[32minfo[39m: WebSocket server closed {"component":"WebSocketManager","timestamp":"2025-08-21T15:42:11.944Z"}
[32minfo[39m: WebSocket connections closed {"component":"MatchingEngine","timestamp":"2025-08-21T15:42:11.945Z"}
[32minfo[39m: Database connection closed {"component":"DatabaseManager","timestamp":"2025-08-21T15:42:11.946Z"}
[32minfo[39m: Database connection closed {"component":"MatchingEngine","timestamp":"2025-08-21T15:42:11.947Z"}
[32minfo[39m: Graceful shutdown completed {"component":"MatchingEngine","timestamp":"2025-08-21T15:42:11.947Z"}
[INFO] 15:42:18 Restarting: /workspaces/DEX_CLOB_TEST/dex-clob-project/backend/matching-engine/src/index.ts has been modified
[32minfo[39m: Database tables initialized {"component":"DatabaseManager","timestamp":"2025-08-21T15:42:18.678Z"}
[32minfo[39m: Database connection established {"component":"DatabaseManager","timestamp":"2025-08-21T15:42:18.681Z"}
[32minfo[39m: Database connected successfully {"component":"MatchingEngine","timestamp":"2025-08-21T15:42:18.681Z"}
[ERROR] 15:42:18 Error: listen EADDRINUSE: address already in use 0.0.0.0:3001
[31merror[39m: Uncaught Exception: {"component":"MatchingEngine","error":{"address":"0.0.0.0","code":"EADDRINUSE","errno":-98,"port":3001,"syscall":"listen"},"timestamp":"2025-08-21T15:42:18.684Z"}
[32minfo[39m: Received uncaughtException, starting graceful shutdown... {"component":"MatchingEngine","timestamp":"2025-08-21T15:42:18.685Z"}
[32minfo[39m: HTTP server closed {"component":"MatchingEngine","timestamp":"2025-08-21T15:42:18.686Z"}
[32minfo[39m: WebSocket server closed {"component":"WebSocketManager","timestamp":"2025-08-21T15:42:18.686Z"}
[32minfo[39m: WebSocket connections closed {"component":"MatchingEngine","timestamp":"2025-08-21T15:42:18.687Z"}
[32minfo[39m: Database connection closed {"component":"DatabaseManager","timestamp":"2025-08-21T15:42:18.688Z"}
[32minfo[39m: Database connection closed {"component":"MatchingEngine","timestamp":"2025-08-21T15:42:18.688Z"}
[32minfo[39m: Graceful shutdown completed {"component":"MatchingEngine","timestamp":"2025-08-21T15:42:18.688Z"}
[INFO] 15:42:26 Restarting: /workspaces/DEX_CLOB_TEST/dex-clob-project/backend/matching-engine/src/index.ts has been modified
TypeError: this.isBlockchainEnabled is not a function
    at new MatchingEngineServer (/workspaces/DEX_CLOB_TEST/dex-clob-project/backend/matching-engine/src/index.ts:46:14)
    at Object.<anonymous> (/workspaces/DEX_CLOB_TEST/dex-clob-project/backend/matching-engine/src/index.ts:234:18)
    at Module.<anonymous> (node:internal/modules/cjs/loader:1730:14)
    at Module._compile (/workspaces/DEX_CLOB_TEST/dex-clob-project/backend/matching-engine/node_modules/source-map-support/source-map-support.js:521:25)
    at Module.m._compile (/tmp/ts-node-dev-hook-928720454913343.js:69:33)
    at node:internal/modules/cjs/loader:1895:10
    at require.extensions..jsx.require.extensions..js (/tmp/ts-node-dev-hook-928720454913343.js:114:20)
    at require.extensions.<computed> (/tmp/ts-node-dev-hook-928720454913343.js:71:20)
    at Object.nodeDevHook [as .ts] (/workspaces/DEX_CLOB_TEST/dex-clob-project/backend/matching-engine/node_modules/ts-node-dev/lib/hook.js:63:13)
    at Module.load (node:internal/modules/cjs/loader:1465:32)
[ERROR] 15:42:27 TypeError: this.isBlockchainEnabled is not a function
[INFO] 15:42:37 Restarting: /workspaces/DEX_CLOB_TEST/dex-clob-project/backend/matching-engine/src/index.ts has been modified
[32minfo[39m: Database tables initialized {"component":"DatabaseManager","timestamp":"2025-08-21T15:42:37.859Z"}
[32minfo[39m: Database connection established {"component":"DatabaseManager","timestamp":"2025-08-21T15:42:37.862Z"}
[32minfo[39m: Database connected successfully {"component":"MatchingEngine","timestamp":"2025-08-21T15:42:37.862Z"}
[ERROR] 15:42:37 Error: listen EADDRINUSE: address already in use 0.0.0.0:3001
[31merror[39m: Uncaught Exception: {"component":"MatchingEngine","error":{"address":"0.0.0.0","code":"EADDRINUSE","errno":-98,"port":3001,"syscall":"listen"},"timestamp":"2025-08-21T15:42:37.865Z"}
[32minfo[39m: Received uncaughtException, starting graceful shutdown... {"component":"MatchingEngine","timestamp":"2025-08-21T15:42:37.866Z"}
[32minfo[39m: HTTP server closed {"component":"MatchingEngine","timestamp":"2025-08-21T15:42:37.867Z"}
[32minfo[39m: WebSocket server closed {"component":"WebSocketManager","timestamp":"2025-08-21T15:42:37.867Z"}
[32minfo[39m: WebSocket connections closed {"component":"MatchingEngine","timestamp":"2025-08-21T15:42:37.868Z"}
[32minfo[39m: Database connection closed {"component":"DatabaseManager","timestamp":"2025-08-21T15:42:37.869Z"}
[32minfo[39m: Database connection closed {"component":"MatchingEngine","timestamp":"2025-08-21T15:42:37.869Z"}
[32minfo[39m: Graceful shutdown completed {"component":"MatchingEngine","timestamp":"2025-08-21T15:42:37.869Z"}
[INFO] 15:42:46 Restarting: /workspaces/DEX_CLOB_TEST/dex-clob-project/backend/matching-engine/src/index.ts has been modified
[32minfo[39m: Database tables initialized {"component":"DatabaseManager","timestamp":"2025-08-21T15:42:46.860Z"}
[32minfo[39m: Database connection established {"component":"DatabaseManager","timestamp":"2025-08-21T15:42:46.863Z"}
[32minfo[39m: Database connected successfully {"component":"MatchingEngine","timestamp":"2025-08-21T15:42:46.863Z"}
[ERROR] 15:42:46 Error: listen EADDRINUSE: address already in use 0.0.0.0:3001
[31merror[39m: Uncaught Exception: {"component":"MatchingEngine","error":{"address":"0.0.0.0","code":"EADDRINUSE","errno":-98,"port":3001,"syscall":"listen"},"timestamp":"2025-08-21T15:42:46.866Z"}
[32minfo[39m: Received uncaughtException, starting graceful shutdown... {"component":"MatchingEngine","timestamp":"2025-08-21T15:42:46.867Z"}
[32minfo[39m: HTTP server closed {"component":"MatchingEngine","timestamp":"2025-08-21T15:42:46.868Z"}
[32minfo[39m: WebSocket server closed {"component":"WebSocketManager","timestamp":"2025-08-21T15:42:46.869Z"}
[32minfo[39m: WebSocket connections closed {"component":"MatchingEngine","timestamp":"2025-08-21T15:42:46.869Z"}
[32minfo[39m: Database connection closed {"component":"DatabaseManager","timestamp":"2025-08-21T15:42:46.870Z"}
[32minfo[39m: Database connection closed {"component":"MatchingEngine","timestamp":"2025-08-21T15:42:46.871Z"}
[32minfo[39m: Graceful shutdown completed {"component":"MatchingEngine","timestamp":"2025-08-21T15:42:46.871Z"}
[INFO] 15:43:00 Restarting: /workspaces/DEX_CLOB_TEST/dex-clob-project/backend/matching-engine/src/routes.ts has been modified
[32minfo[39m: Database tables initialized {"component":"DatabaseManager","timestamp":"2025-08-21T15:43:01.846Z"}
[32minfo[39m: Database connection established {"component":"DatabaseManager","timestamp":"2025-08-21T15:43:01.848Z"}
[32minfo[39m: Database connected successfully {"component":"MatchingEngine","timestamp":"2025-08-21T15:43:01.849Z"}
[ERROR] 15:43:01 Error: listen EADDRINUSE: address already in use 0.0.0.0:3001
[31merror[39m: Uncaught Exception: {"component":"MatchingEngine","error":{"address":"0.0.0.0","code":"EADDRINUSE","errno":-98,"port":3001,"syscall":"listen"},"timestamp":"2025-08-21T15:43:01.852Z"}
[32minfo[39m: Received uncaughtException, starting graceful shutdown... {"component":"MatchingEngine","timestamp":"2025-08-21T15:43:01.853Z"}
[32minfo[39m: HTTP server closed {"component":"MatchingEngine","timestamp":"2025-08-21T15:43:01.853Z"}
[32minfo[39m: WebSocket server closed {"component":"WebSocketManager","timestamp":"2025-08-21T15:43:01.854Z"}
[32minfo[39m: WebSocket connections closed {"component":"MatchingEngine","timestamp":"2025-08-21T15:43:01.855Z"}
[32minfo[39m: Database connection closed {"component":"DatabaseManager","timestamp":"2025-08-21T15:43:01.855Z"}
[32minfo[39m: Database connection closed {"component":"MatchingEngine","timestamp":"2025-08-21T15:43:01.856Z"}
[32minfo[39m: Graceful shutdown completed {"component":"MatchingEngine","timestamp":"2025-08-21T15:43:01.857Z"}
[INFO] 15:43:10 Restarting: /workspaces/DEX_CLOB_TEST/dex-clob-project/backend/matching-engine/src/routes.ts has been modified
[32minfo[39m: Database tables initialized {"component":"DatabaseManager","timestamp":"2025-08-21T15:43:11.382Z"}
[32minfo[39m: Database connection established {"component":"DatabaseManager","timestamp":"2025-08-21T15:43:11.385Z"}
[32minfo[39m: Database connected successfully {"component":"MatchingEngine","timestamp":"2025-08-21T15:43:11.385Z"}
[ERROR] 15:43:11 Error: listen EADDRINUSE: address already in use 0.0.0.0:3001
[31merror[39m: Uncaught Exception: {"component":"MatchingEngine","error":{"address":"0.0.0.0","code":"EADDRINUSE","errno":-98,"port":3001,"syscall":"listen"},"timestamp":"2025-08-21T15:43:11.388Z"}
[32minfo[39m: Received uncaughtException, starting graceful shutdown... {"component":"MatchingEngine","timestamp":"2025-08-21T15:43:11.389Z"}
[32minfo[39m: HTTP server closed {"component":"MatchingEngine","timestamp":"2025-08-21T15:43:11.390Z"}
[32minfo[39m: WebSocket server closed {"component":"WebSocketManager","timestamp":"2025-08-21T15:43:11.391Z"}
[32minfo[39m: WebSocket connections closed {"component":"MatchingEngine","timestamp":"2025-08-21T15:43:11.391Z"}
[32minfo[39m: Database connection closed {"component":"DatabaseManager","timestamp":"2025-08-21T15:43:11.392Z"}
[32minfo[39m: Database connection closed {"component":"MatchingEngine","timestamp":"2025-08-21T15:43:11.393Z"}
[32minfo[39m: Graceful shutdown completed {"component":"MatchingEngine","timestamp":"2025-08-21T15:43:11.393Z"}
[INFO] 15:43:25 Restarting: /workspaces/DEX_CLOB_TEST/dex-clob-project/backend/matching-engine/src/routes.ts has been modified
[32minfo[39m: Database tables initialized {"component":"DatabaseManager","timestamp":"2025-08-21T15:43:26.710Z"}
[32minfo[39m: Database connection established {"component":"DatabaseManager","timestamp":"2025-08-21T15:43:26.713Z"}
[32minfo[39m: Database connected successfully {"component":"MatchingEngine","timestamp":"2025-08-21T15:43:26.714Z"}
[ERROR] 15:43:26 Error: listen EADDRINUSE: address already in use 0.0.0.0:3001
[31merror[39m: Uncaught Exception: {"component":"MatchingEngine","error":{"address":"0.0.0.0","code":"EADDRINUSE","errno":-98,"port":3001,"syscall":"listen"},"timestamp":"2025-08-21T15:43:26.721Z"}
[32minfo[39m: Received uncaughtException, starting graceful shutdown... {"component":"MatchingEngine","timestamp":"2025-08-21T15:43:26.723Z"}
[32minfo[39m: HTTP server closed {"component":"MatchingEngine","timestamp":"2025-08-21T15:43:26.724Z"}
[32minfo[39m: WebSocket server closed {"component":"WebSocketManager","timestamp":"2025-08-21T15:43:26.725Z"}
[32minfo[39m: WebSocket connections closed {"component":"MatchingEngine","timestamp":"2025-08-21T15:43:26.726Z"}
[32minfo[39m: Database connection closed {"component":"DatabaseManager","timestamp":"2025-08-21T15:43:26.729Z"}
[32minfo[39m: Database connection closed {"component":"MatchingEngine","timestamp":"2025-08-21T15:43:26.730Z"}
[32minfo[39m: Graceful shutdown completed {"component":"MatchingEngine","timestamp":"2025-08-21T15:43:26.733Z"}
[INFO] 15:43:47 Restarting: /workspaces/DEX_CLOB_TEST/dex-clob-project/backend/matching-engine/src/routes.ts has been modified
[32minfo[39m: Database tables initialized {"component":"DatabaseManager","timestamp":"2025-08-21T15:43:47.890Z"}
[32minfo[39m: Database connection established {"component":"DatabaseManager","timestamp":"2025-08-21T15:43:47.893Z"}
[32minfo[39m: Database connected successfully {"component":"MatchingEngine","timestamp":"2025-08-21T15:43:47.893Z"}
[ERROR] 15:43:47 Error: listen EADDRINUSE: address already in use 0.0.0.0:3001
[31merror[39m: Uncaught Exception: {"component":"MatchingEngine","error":{"address":"0.0.0.0","code":"EADDRINUSE","errno":-98,"port":3001,"syscall":"listen"},"timestamp":"2025-08-21T15:43:47.897Z"}
[32minfo[39m: Received uncaughtException, starting graceful shutdown... {"component":"MatchingEngine","timestamp":"2025-08-21T15:43:47.898Z"}
[32minfo[39m: HTTP server closed {"component":"MatchingEngine","timestamp":"2025-08-21T15:43:47.899Z"}
[32minfo[39m: WebSocket server closed {"component":"WebSocketManager","timestamp":"2025-08-21T15:43:47.900Z"}
[32minfo[39m: WebSocket connections closed {"component":"MatchingEngine","timestamp":"2025-08-21T15:43:47.900Z"}
[32minfo[39m: Database connection closed {"component":"DatabaseManager","timestamp":"2025-08-21T15:43:47.901Z"}
[32minfo[39m: Database connection closed {"component":"MatchingEngine","timestamp":"2025-08-21T15:43:47.902Z"}
[32minfo[39m: Graceful shutdown completed {"component":"MatchingEngine","timestamp":"2025-08-21T15:43:47.902Z"}
[INFO] 15:44:03 Restarting: /workspaces/DEX_CLOB_TEST/dex-clob-project/backend/matching-engine/src/routes.ts has been modified
[32minfo[39m: Database tables initialized {"component":"DatabaseManager","timestamp":"2025-08-21T15:44:03.789Z"}
[32minfo[39m: Database connection established {"component":"DatabaseManager","timestamp":"2025-08-21T15:44:03.792Z"}
[32minfo[39m: Database connected successfully {"component":"MatchingEngine","timestamp":"2025-08-21T15:44:03.793Z"}
[ERROR] 15:44:03 Error: listen EADDRINUSE: address already in use 0.0.0.0:3001
[31merror[39m: Uncaught Exception: {"component":"MatchingEngine","error":{"address":"0.0.0.0","code":"EADDRINUSE","errno":-98,"port":3001,"syscall":"listen"},"timestamp":"2025-08-21T15:44:03.797Z"}
[32minfo[39m: Received uncaughtException, starting graceful shutdown... {"component":"MatchingEngine","timestamp":"2025-08-21T15:44:03.797Z"}
[32minfo[39m: HTTP server closed {"component":"MatchingEngine","timestamp":"2025-08-21T15:44:03.798Z"}
[32minfo[39m: WebSocket server closed {"component":"WebSocketManager","timestamp":"2025-08-21T15:44:03.799Z"}
[32minfo[39m: WebSocket connections closed {"component":"MatchingEngine","timestamp":"2025-08-21T15:44:03.799Z"}
[32minfo[39m: Database connection closed {"component":"DatabaseManager","timestamp":"2025-08-21T15:44:03.800Z"}
[32minfo[39m: Database connection closed {"component":"MatchingEngine","timestamp":"2025-08-21T15:44:03.801Z"}
[32minfo[39m: Graceful shutdown completed {"component":"MatchingEngine","timestamp":"2025-08-21T15:44:03.801Z"}
[INFO] 15:44:18 Restarting: /workspaces/DEX_CLOB_TEST/dex-clob-project/backend/matching-engine/src/index.ts has been modified
[32minfo[39m: Database tables initialized {"component":"DatabaseManager","timestamp":"2025-08-21T15:44:19.617Z"}
[32minfo[39m: Database connection established {"component":"DatabaseManager","timestamp":"2025-08-21T15:44:19.620Z"}
[32minfo[39m: Database connected successfully {"component":"MatchingEngine","timestamp":"2025-08-21T15:44:19.621Z"}
[31merror[39m: Uncaught Exception: {"component":"MatchingEngine","error":{"address":"0.0.0.0","code":"EADDRINUSE","errno":-98,"port":3001,"syscall":"listen"},"timestamp":"2025-08-21T15:44:19.625Z"}
[ERROR] 15:44:19 Error: listen EADDRINUSE: address already in use 0.0.0.0:3001
[32minfo[39m: Received uncaughtException, starting graceful shutdown... {"component":"MatchingEngine","timestamp":"2025-08-21T15:44:19.626Z"}
[32minfo[39m: HTTP server closed {"component":"MatchingEngine","timestamp":"2025-08-21T15:44:19.627Z"}
[32minfo[39m: WebSocket server closed {"component":"WebSocketManager","timestamp":"2025-08-21T15:44:19.628Z"}
[32minfo[39m: WebSocket connections closed {"component":"MatchingEngine","timestamp":"2025-08-21T15:44:19.629Z"}
[32minfo[39m: Database connection closed {"component":"DatabaseManager","timestamp":"2025-08-21T15:44:19.633Z"}
[32minfo[39m: Database connection closed {"component":"MatchingEngine","timestamp":"2025-08-21T15:44:19.634Z"}
[32minfo[39m: Graceful shutdown completed {"component":"MatchingEngine","timestamp":"2025-08-21T15:44:19.634Z"}
[INFO] 15:44:33 Restarting: /workspaces/DEX_CLOB_TEST/dex-clob-project/backend/matching-engine/src/index.ts has been modified
[32minfo[39m: Database tables initialized {"component":"DatabaseManager","timestamp":"2025-08-21T15:44:34.191Z"}
[32minfo[39m: Database connection established {"component":"DatabaseManager","timestamp":"2025-08-21T15:44:34.193Z"}
[32minfo[39m: Database connected successfully {"component":"MatchingEngine","timestamp":"2025-08-21T15:44:34.194Z"}
[ERROR] 15:44:34 Error: listen EADDRINUSE: address already in use 0.0.0.0:3001
[31merror[39m: Uncaught Exception: {"component":"MatchingEngine","error":{"address":"0.0.0.0","code":"EADDRINUSE","errno":-98,"port":3001,"syscall":"listen"},"timestamp":"2025-08-21T15:44:34.197Z"}
[32minfo[39m: Received uncaughtException, starting graceful shutdown... {"component":"MatchingEngine","timestamp":"2025-08-21T15:44:34.198Z"}
[32minfo[39m: HTTP server closed {"component":"MatchingEngine","timestamp":"2025-08-21T15:44:34.198Z"}
[32minfo[39m: WebSocket server closed {"component":"WebSocketManager","timestamp":"2025-08-21T15:44:34.199Z"}
[32minfo[39m: WebSocket connections closed {"component":"MatchingEngine","timestamp":"2025-08-21T15:44:34.199Z"}
[32minfo[39m: Database connection closed {"component":"DatabaseManager","timestamp":"2025-08-21T15:44:34.200Z"}
[32minfo[39m: Database connection closed {"component":"MatchingEngine","timestamp":"2025-08-21T15:44:34.201Z"}
[32minfo[39m: Graceful shutdown completed {"component":"MatchingEngine","timestamp":"2025-08-21T15:44:34.202Z"}
[INFO] 15:45:06 Restarting: /workspaces/DEX_CLOB_TEST/dex-clob-project/backend/matching-engine/src/contract-manager.ts has been modified
[32minfo[39m: Database tables initialized {"component":"DatabaseManager","timestamp":"2025-08-21T15:45:07.433Z"}
[32minfo[39m: Database connection established {"component":"DatabaseManager","timestamp":"2025-08-21T15:45:07.435Z"}
[32minfo[39m: Database connected successfully {"component":"MatchingEngine","timestamp":"2025-08-21T15:45:07.436Z"}
[ERROR] 15:45:07 Error: listen EADDRINUSE: address already in use 0.0.0.0:3001
[31merror[39m: Uncaught Exception: {"component":"MatchingEngine","error":{"address":"0.0.0.0","code":"EADDRINUSE","errno":-98,"port":3001,"syscall":"listen"},"timestamp":"2025-08-21T15:45:07.439Z"}
[32minfo[39m: Received uncaughtException, starting graceful shutdown... {"component":"MatchingEngine","timestamp":"2025-08-21T15:45:07.440Z"}
[32minfo[39m: HTTP server closed {"component":"MatchingEngine","timestamp":"2025-08-21T15:45:07.441Z"}
[32minfo[39m: WebSocket server closed {"component":"WebSocketManager","timestamp":"2025-08-21T15:45:07.441Z"}
[32minfo[39m: WebSocket connections closed {"component":"MatchingEngine","timestamp":"2025-08-21T15:45:07.442Z"}
[32minfo[39m: Database connection closed {"component":"DatabaseManager","timestamp":"2025-08-21T15:45:07.443Z"}
[32minfo[39m: Database connection closed {"component":"MatchingEngine","timestamp":"2025-08-21T15:45:07.443Z"}
[32minfo[39m: Graceful shutdown completed {"component":"MatchingEngine","timestamp":"2025-08-21T15:45:07.444Z"}
[INFO] 15:45:24 Restarting: /workspaces/DEX_CLOB_TEST/dex-clob-project/backend/matching-engine/src/contract-manager.ts has been modified
[32minfo[39m: Database tables initialized {"component":"DatabaseManager","timestamp":"2025-08-21T15:45:25.696Z"}
[32minfo[39m: Database connection established {"component":"DatabaseManager","timestamp":"2025-08-21T15:45:25.700Z"}
[32minfo[39m: Database connected successfully {"component":"MatchingEngine","timestamp":"2025-08-21T15:45:25.701Z"}
[ERROR] 15:45:25 Error: listen EADDRINUSE: address already in use 0.0.0.0:3001
[31merror[39m: Uncaught Exception: {"component":"MatchingEngine","error":{"address":"0.0.0.0","code":"EADDRINUSE","errno":-98,"port":3001,"syscall":"listen"},"timestamp":"2025-08-21T15:45:25.706Z"}
[32minfo[39m: Received uncaughtException, starting graceful shutdown... {"component":"MatchingEngine","timestamp":"2025-08-21T15:45:25.708Z"}
[32minfo[39m: HTTP server closed {"component":"MatchingEngine","timestamp":"2025-08-21T15:45:25.709Z"}
[32minfo[39m: WebSocket server closed {"component":"WebSocketManager","timestamp":"2025-08-21T15:45:25.710Z"}
[32minfo[39m: WebSocket connections closed {"component":"MatchingEngine","timestamp":"2025-08-21T15:45:25.711Z"}
[32minfo[39m: Database connection closed {"component":"DatabaseManager","timestamp":"2025-08-21T15:45:25.712Z"}
[32minfo[39m: Database connection closed {"component":"MatchingEngine","timestamp":"2025-08-21T15:45:25.713Z"}
[32minfo[39m: Graceful shutdown completed {"component":"MatchingEngine","timestamp":"2025-08-21T15:45:25.714Z"}
[INFO] 15:45:59 Restarting: /workspaces/DEX_CLOB_TEST/dex-clob-project/backend/matching-engine/src/index.ts has been modified
[32minfo[39m: Database tables initialized {"component":"DatabaseManager","timestamp":"2025-08-21T15:45:59.978Z"}
[32minfo[39m: Database connection established {"component":"DatabaseManager","timestamp":"2025-08-21T15:45:59.981Z"}
[32minfo[39m: Database connected successfully {"component":"MatchingEngine","timestamp":"2025-08-21T15:45:59.981Z"}
[ERROR] 15:45:59 Error: listen EADDRINUSE: address already in use 0.0.0.0:3001
[31merror[39m: Uncaught Exception: {"component":"MatchingEngine","error":{"address":"0.0.0.0","code":"EADDRINUSE","errno":-98,"port":3001,"syscall":"listen"},"timestamp":"2025-08-21T15:45:59.984Z"}
[32minfo[39m: Received uncaughtException, starting graceful shutdown... {"component":"MatchingEngine","timestamp":"2025-08-21T15:45:59.985Z"}
[32minfo[39m: HTTP server closed {"component":"MatchingEngine","timestamp":"2025-08-21T15:45:59.986Z"}
[32minfo[39m: WebSocket server closed {"component":"WebSocketManager","timestamp":"2025-08-21T15:45:59.986Z"}
[32minfo[39m: WebSocket connections closed {"component":"MatchingEngine","timestamp":"2025-08-21T15:45:59.987Z"}
[32minfo[39m: Database connection closed {"component":"DatabaseManager","timestamp":"2025-08-21T15:45:59.988Z"}
[32minfo[39m: Database connection closed {"component":"MatchingEngine","timestamp":"2025-08-21T15:45:59.988Z"}
[32minfo[39m: Graceful shutdown completed {"component":"MatchingEngine","timestamp":"2025-08-21T15:45:59.989Z"}
[INFO] 15:46:07 Restarting: /workspaces/DEX_CLOB_TEST/dex-clob-project/backend/matching-engine/src/routes.ts has been modified
[32minfo[39m: Database tables initialized {"component":"DatabaseManager","timestamp":"2025-08-21T15:46:07.702Z"}
[32minfo[39m: Database connection established {"component":"DatabaseManager","timestamp":"2025-08-21T15:46:07.704Z"}
[32minfo[39m: Database connected successfully {"component":"MatchingEngine","timestamp":"2025-08-21T15:46:07.705Z"}
[ERROR] 15:46:07 Error: listen EADDRINUSE: address already in use 0.0.0.0:3001
[31merror[39m: Uncaught Exception: {"component":"MatchingEngine","error":{"address":"0.0.0.0","code":"EADDRINUSE","errno":-98,"port":3001,"syscall":"listen"},"timestamp":"2025-08-21T15:46:07.708Z"}
[32minfo[39m: Received uncaughtException, starting graceful shutdown... {"component":"MatchingEngine","timestamp":"2025-08-21T15:46:07.708Z"}
[32minfo[39m: HTTP server closed {"component":"MatchingEngine","timestamp":"2025-08-21T15:46:07.709Z"}
[32minfo[39m: WebSocket server closed {"component":"WebSocketManager","timestamp":"2025-08-21T15:46:07.710Z"}
[32minfo[39m: WebSocket connections closed {"component":"MatchingEngine","timestamp":"2025-08-21T15:46:07.711Z"}
[32minfo[39m: Database connection closed {"component":"DatabaseManager","timestamp":"2025-08-21T15:46:07.711Z"}
[32minfo[39m: Database connection closed {"component":"MatchingEngine","timestamp":"2025-08-21T15:46:07.712Z"}
[32minfo[39m: Graceful shutdown completed {"component":"MatchingEngine","timestamp":"2025-08-21T15:46:07.712Z"}
[INFO] 15:47:57 Restarting: /workspaces/DEX_CLOB_TEST/dex-clob-project/backend/matching-engine/src/index.ts has been modified
[32minfo[39m: Database tables initialized {"component":"DatabaseManager","timestamp":"2025-08-21T15:47:58.386Z"}
[32minfo[39m: Database connection established {"component":"DatabaseManager","timestamp":"2025-08-21T15:47:58.392Z"}
[32minfo[39m: Database connected successfully {"component":"MatchingEngine","timestamp":"2025-08-21T15:47:58.393Z"}
[ERROR] 15:47:58 Error: listen EADDRINUSE: address already in use 0.0.0.0:3001
[31merror[39m: Uncaught Exception: {"component":"MatchingEngine","error":{"address":"0.0.0.0","code":"EADDRINUSE","errno":-98,"port":3001,"syscall":"listen"},"timestamp":"2025-08-21T15:47:58.397Z"}
[32minfo[39m: Received uncaughtException, starting graceful shutdown... {"component":"MatchingEngine","timestamp":"2025-08-21T15:47:58.398Z"}
[32minfo[39m: HTTP server closed {"component":"MatchingEngine","timestamp":"2025-08-21T15:47:58.400Z"}
[32minfo[39m: WebSocket server closed {"component":"WebSocketManager","timestamp":"2025-08-21T15:47:58.401Z"}
[32minfo[39m: WebSocket connections closed {"component":"MatchingEngine","timestamp":"2025-08-21T15:47:58.401Z"}
[32minfo[39m: Database connection closed {"component":"DatabaseManager","timestamp":"2025-08-21T15:47:58.402Z"}
[32minfo[39m: Database connection closed {"component":"MatchingEngine","timestamp":"2025-08-21T15:47:58.402Z"}
[32minfo[39m: Graceful shutdown completed {"component":"MatchingEngine","timestamp":"2025-08-21T15:47:58.403Z"}
[INFO] 15:48:06 Restarting: /workspaces/DEX_CLOB_TEST/dex-clob-project/backend/matching-engine/src/routes.ts has been modified
[32minfo[39m: Database tables initialized {"component":"DatabaseManager","timestamp":"2025-08-21T15:48:06.882Z"}
[32minfo[39m: Database connection established {"component":"DatabaseManager","timestamp":"2025-08-21T15:48:06.885Z"}
[32minfo[39m: Database connected successfully {"component":"MatchingEngine","timestamp":"2025-08-21T15:48:06.886Z"}
[ERROR] 15:48:06 Error: listen EADDRINUSE: address already in use 0.0.0.0:3001
[31merror[39m: Uncaught Exception: {"component":"MatchingEngine","error":{"address":"0.0.0.0","code":"EADDRINUSE","errno":-98,"port":3001,"syscall":"listen"},"timestamp":"2025-08-21T15:48:06.891Z"}
[32minfo[39m: Received uncaughtException, starting graceful shutdown... {"component":"MatchingEngine","timestamp":"2025-08-21T15:48:06.892Z"}
[32minfo[39m: HTTP server closed {"component":"MatchingEngine","timestamp":"2025-08-21T15:48:06.893Z"}
[32minfo[39m: WebSocket server closed {"component":"WebSocketManager","timestamp":"2025-08-21T15:48:06.894Z"}
[32minfo[39m: WebSocket connections closed {"component":"MatchingEngine","timestamp":"2025-08-21T15:48:06.895Z"}
[32minfo[39m: Database connection closed {"component":"DatabaseManager","timestamp":"2025-08-21T15:48:06.896Z"}
[32minfo[39m: Database connection closed {"component":"MatchingEngine","timestamp":"2025-08-21T15:48:06.900Z"}
[32minfo[39m: Graceful shutdown completed {"component":"MatchingEngine","timestamp":"2025-08-21T15:48:06.900Z"}
